[08/Feb/2020:20:17:41] ENGINE Listening for SIGTERM.
[08/Feb/2020:20:17:41] ENGINE Bus STARTING
[08/Feb/2020:20:17:41] ENGINE Set handler for console events.
[08/Feb/2020:20:17:41] ENGINE Started monitor thread 'Autoreloader'.
[08/Feb/2020:20:17:41] ENGINE Serving on http://[::1]
[08/Feb/2020:20:17:41] ENGINE Bus STARTED
[08/Feb/2020:20:18:36] ENGINE Listening for SIGTERM.
[08/Feb/2020:20:18:36] ENGINE Bus STARTING
[08/Feb/2020:20:18:36] ENGINE Set handler for console events.
[08/Feb/2020:20:18:36] ENGINE Started monitor thread 'Autoreloader'.
[08/Feb/2020:20:18:37] ENGINE Serving on http://localhost
[08/Feb/2020:20:18:37] ENGINE Bus STARTED
[08/Feb/2020:20:19:28] ENGINE Listening for SIGTERM.
[08/Feb/2020:20:19:28] ENGINE Bus STARTING
[08/Feb/2020:20:19:28] ENGINE Set handler for console events.
[08/Feb/2020:20:19:28] ENGINE Started monitor thread 'Autoreloader'.
[08/Feb/2020:20:19:29] ENGINE Serving on http://localhost
[08/Feb/2020:20:19:29] ENGINE Bus STARTED
[08/Feb/2020:20:21:04] ENGINE Listening for SIGTERM.
[08/Feb/2020:20:21:05] ENGINE Bus STARTING
[08/Feb/2020:20:21:05] ENGINE Set handler for console events.
[08/Feb/2020:20:21:05] ENGINE Started monitor thread 'Autoreloader'.
[08/Feb/2020:20:21:06] ENGINE Error in 'start' listener <bound method Server.start of <cherrypy._cpserver.Server object at 0x03081118>>
Traceback (most recent call last):
  File "C:\Users\bsimjoo\AppData\Roaming\Python\Python38\site-packages\portend.py", line 115, in free
    Checker(timeout=0.1).assert_free(host, port)
  File "C:\Users\bsimjoo\AppData\Roaming\Python\Python38\site-packages\portend.py", line 69, in assert_free
    list(itertools.starmap(self._connect, info))
  File "C:\Users\bsimjoo\AppData\Roaming\Python\Python38\site-packages\portend.py", line 85, in _connect
    raise PortNotFree(tmpl.format(**locals()))
portend.PortNotFree: Port 127.0.0.1 is in use on 80.

During handling of the above exception, another exception occurred:

Traceback (most recent call last):
  File "C:\Users\bsimjoo\AppData\Roaming\Python\Python38\site-packages\cherrypy\process\wspbus.py", line 230, in publish
    output.append(listener(*args, **kwargs))
  File "C:\Users\bsimjoo\AppData\Roaming\Python\Python38\site-packages\cherrypy\_cpserver.py", line 180, in start
    super(Server, self).start()
  File "C:\Users\bsimjoo\AppData\Roaming\Python\Python38\site-packages\cherrypy\process\servers.py", line 177, in start
    portend.free(*self.bind_addr, timeout=Timeouts.free)
  File "C:\Users\bsimjoo\AppData\Roaming\Python\Python38\site-packages\portend.py", line 119, in free
    raise Timeout("Port {port} not free on {host}.".format(**locals()))
portend.Timeout: Port 80 not free on localhost.

[08/Feb/2020:20:21:06] ENGINE Shutting down due to error in start listener:
Traceback (most recent call last):
  File "C:\Users\bsimjoo\AppData\Roaming\Python\Python38\site-packages\cherrypy\process\wspbus.py", line 268, in start
    self.publish('start')
  File "C:\Users\bsimjoo\AppData\Roaming\Python\Python38\site-packages\cherrypy\process\wspbus.py", line 248, in publish
    raise exc
cherrypy.process.wspbus.ChannelFailures: Timeout('Port 80 not free on localhost.')

[08/Feb/2020:20:21:06] ENGINE Bus STOPPING
[08/Feb/2020:20:21:06] ENGINE HTTP Server cherrypy._cpwsgi_server.CPWSGIServer(('localhost', 80)) already shut down
[08/Feb/2020:20:21:06] ENGINE Removed handler for console events.
[08/Feb/2020:20:21:06] ENGINE Stopped thread 'Autoreloader'.
[08/Feb/2020:20:21:06] ENGINE Bus STOPPED
[08/Feb/2020:20:21:06] ENGINE Bus EXITING
[08/Feb/2020:20:21:06] ENGINE Bus EXITED
[08/Feb/2020:20:21:48] ENGINE Listening for SIGTERM.
[08/Feb/2020:20:21:48] ENGINE Bus STARTING
[08/Feb/2020:20:21:48] ENGINE Set handler for console events.
[08/Feb/2020:20:21:48] ENGINE Started monitor thread 'Autoreloader'.
[08/Feb/2020:20:21:48] ENGINE Serving on http://localhost
[08/Feb/2020:20:21:48] ENGINE Bus STARTED
[08/Feb/2020:20:23:19] ENGINE Listening for SIGTERM.
[08/Feb/2020:20:23:19] ENGINE Bus STARTING
[08/Feb/2020:20:23:19] ENGINE Set handler for console events.
[08/Feb/2020:20:23:19] ENGINE Started monitor thread 'Autoreloader'.
[08/Feb/2020:20:23:20] ENGINE Serving on http://localhost:8080
[08/Feb/2020:20:23:20] ENGINE Bus STARTED
[08/Feb/2020:20:24:41] ENGINE Listening for SIGTERM.
[08/Feb/2020:20:24:41] ENGINE Bus STARTING
[08/Feb/2020:20:24:42] ENGINE Set handler for console events.
[08/Feb/2020:20:24:42] ENGINE Started monitor thread 'Autoreloader'.
[08/Feb/2020:20:24:44] ENGINE Serving on http://localhost:8080
[08/Feb/2020:20:24:44] ENGINE Bus STARTED
[08/Feb/2020:20:38:03] ENGINE Listening for SIGTERM.
[08/Feb/2020:20:38:03] ENGINE Bus STARTING
[08/Feb/2020:20:38:03] ENGINE Set handler for console events.
[08/Feb/2020:20:38:03] ENGINE Started monitor thread 'Autoreloader'.
[08/Feb/2020:20:38:04] ENGINE Serving on http://localhost
[08/Feb/2020:20:38:04] ENGINE Bus STARTED
[08/Feb/2020:20:39:37] ENGINE Listening for SIGTERM.
[08/Feb/2020:20:39:37] ENGINE Bus STARTING
[08/Feb/2020:20:39:37] ENGINE Set handler for console events.
[08/Feb/2020:20:39:37] ENGINE Started monitor thread 'Autoreloader'.
[08/Feb/2020:20:39:38] ENGINE Serving on http://localhost
[08/Feb/2020:20:39:38] ENGINE Bus STARTED
[08/Feb/2020:20:40:29] ENGINE Listening for SIGTERM.
[08/Feb/2020:20:40:29] ENGINE Bus STARTING
[08/Feb/2020:20:40:29] ENGINE Set handler for console events.
[08/Feb/2020:20:40:29] ENGINE Started monitor thread 'Autoreloader'.
[08/Feb/2020:20:40:30] ENGINE Serving on http://localhost
[08/Feb/2020:20:40:30] ENGINE Bus STARTED
[08/Feb/2020:20:40:58] ENGINE Listening for SIGTERM.
[08/Feb/2020:20:40:58] ENGINE Bus STARTING
[08/Feb/2020:20:40:58] ENGINE Set handler for console events.
[08/Feb/2020:20:40:58] ENGINE Started monitor thread 'Autoreloader'.
[08/Feb/2020:20:40:58] ENGINE Serving on http://localhost
[08/Feb/2020:20:40:58] ENGINE Bus STARTED
[08/Feb/2020:20:43:50] ENGINE Listening for SIGTERM.
[08/Feb/2020:20:43:50] ENGINE Bus STARTING
[08/Feb/2020:20:43:50] ENGINE Set handler for console events.
[08/Feb/2020:20:43:50] ENGINE Started monitor thread 'Autoreloader'.
[08/Feb/2020:20:43:50] ENGINE Serving on http://localhost
[08/Feb/2020:20:43:50] ENGINE Bus STARTED
[08/Feb/2020:20:43:58] ENGINE Listening for SIGTERM.
[08/Feb/2020:20:43:58] ENGINE Bus STARTING
[08/Feb/2020:20:43:58] ENGINE Set handler for console events.
[08/Feb/2020:20:43:58] ENGINE Started monitor thread 'Autoreloader'.
[08/Feb/2020:20:43:58] ENGINE Serving on http://localhost
[08/Feb/2020:20:43:58] ENGINE Bus STARTED
[08/Feb/2020:20:44:16] ENGINE Listening for SIGTERM.
[08/Feb/2020:20:44:16] ENGINE Bus STARTING
[08/Feb/2020:20:44:16] ENGINE Set handler for console events.
[08/Feb/2020:20:44:16] ENGINE Started monitor thread 'Autoreloader'.
[08/Feb/2020:20:44:16] ENGINE Serving on http://localhost
[08/Feb/2020:20:44:16] ENGINE Bus STARTED
[08/Feb/2020:20:46:52] ENGINE Listening for SIGTERM.
[08/Feb/2020:20:46:52] ENGINE Bus STARTING
[08/Feb/2020:20:46:52] ENGINE Set handler for console events.
[08/Feb/2020:20:46:52] ENGINE Started monitor thread 'Autoreloader'.
[08/Feb/2020:20:46:52] ENGINE Serving on http://localhost
[08/Feb/2020:20:46:52] ENGINE Bus STARTED
[08/Feb/2020:20:46:58] ENGINE Listening for SIGTERM.
[08/Feb/2020:20:46:58] ENGINE Bus STARTING
[08/Feb/2020:20:46:58] ENGINE Set handler for console events.
[08/Feb/2020:20:46:58] ENGINE Started monitor thread 'Autoreloader'.
[08/Feb/2020:20:46:58] ENGINE Serving on http://localhost
[08/Feb/2020:20:46:58] ENGINE Bus STARTED
[08/Feb/2020:20:47:59] ENGINE Listening for SIGTERM.
[08/Feb/2020:20:47:59] ENGINE Bus STARTING
[08/Feb/2020:20:47:59] ENGINE Set handler for console events.
[08/Feb/2020:20:47:59] ENGINE Started monitor thread 'Autoreloader'.
[08/Feb/2020:20:47:59] ENGINE Serving on http://localhost
[08/Feb/2020:20:47:59] ENGINE Bus STARTED
[08/Feb/2020:20:48:54] ENGINE Listening for SIGTERM.
[08/Feb/2020:20:48:54] ENGINE Bus STARTING
[08/Feb/2020:20:48:54] ENGINE Set handler for console events.
[08/Feb/2020:20:48:54] ENGINE Started monitor thread 'Autoreloader'.
[08/Feb/2020:20:48:55] ENGINE Serving on http://localhost
[08/Feb/2020:20:48:55] ENGINE Bus STARTED
[08/Feb/2020:20:49:33] ENGINE Listening for SIGTERM.
[08/Feb/2020:20:49:33] ENGINE Bus STARTING
[08/Feb/2020:20:49:33] ENGINE Set handler for console events.
[08/Feb/2020:20:49:33] ENGINE Started monitor thread 'Autoreloader'.
[08/Feb/2020:20:49:33] ENGINE Serving on http://localhost
[08/Feb/2020:20:49:33] ENGINE Bus STARTED
[08/Feb/2020:20:51:21] ENGINE Listening for SIGTERM.
[08/Feb/2020:20:51:21] ENGINE Bus STARTING
[08/Feb/2020:20:51:21] ENGINE Set handler for console events.
[08/Feb/2020:20:51:21] ENGINE Started monitor thread 'Autoreloader'.
[08/Feb/2020:20:51:21] ENGINE Serving on http://localhost
[08/Feb/2020:20:51:21] ENGINE Bus STARTED
[08/Feb/2020:20:53:31] ENGINE Listening for SIGTERM.
[08/Feb/2020:20:53:31] ENGINE Bus STARTING
[08/Feb/2020:20:53:31] ENGINE Set handler for console events.
[08/Feb/2020:20:53:31] ENGINE Started monitor thread 'Autoreloader'.
[08/Feb/2020:20:53:32] ENGINE Serving on http://localhost
[08/Feb/2020:20:53:32] ENGINE Bus STARTED
[08/Feb/2020:20:54:58] ENGINE Listening for SIGTERM.
[08/Feb/2020:20:54:58] ENGINE Bus STARTING
[08/Feb/2020:20:54:58] ENGINE Set handler for console events.
[08/Feb/2020:20:54:58] ENGINE Started monitor thread 'Autoreloader'.
[08/Feb/2020:20:54:58] ENGINE Serving on http://localhost
[08/Feb/2020:20:54:58] ENGINE Bus STARTED
[08/Feb/2020:20:56:31] ENGINE Listening for SIGTERM.
[08/Feb/2020:20:56:31] ENGINE Bus STARTING
[08/Feb/2020:20:56:31] ENGINE Set handler for console events.
[08/Feb/2020:20:56:31] ENGINE Started monitor thread 'Autoreloader'.
[08/Feb/2020:20:56:32] ENGINE Serving on http://localhost
[08/Feb/2020:20:56:32] ENGINE Bus STARTED
[24/Feb/2020:10:27:50] ENGINE Listening for SIGTERM.
[24/Feb/2020:10:27:50] ENGINE Bus STARTING
[24/Feb/2020:10:27:50] ENGINE Set handler for console events.
[24/Feb/2020:10:27:50] ENGINE Started monitor thread 'Autoreloader'.
[24/Feb/2020:10:27:51] ENGINE Serving on http://localhost
[24/Feb/2020:10:27:51] ENGINE Bus STARTED
